Determining if the include file pthread.h exists failed with the following output:
Change Dir: D:/evo/evo/out/build/x64-Debug/CMakeFiles/CMakeTmp

Run Build Command(s):C:/Program Files (x86)/Microsoft Visual Studio/2019/Community/Common7/IDE/CommonExtensions/Microsoft/CMake/Ninja/ninja.exe cmTC_0b36b 
[1/2] Building C object CMakeFiles\cmTC_0b36b.dir\CheckIncludeFile.c.obj
FAILED: CMakeFiles/cmTC_0b36b.dir/CheckIncludeFile.c.obj 
C:\PROGRA~2\MICROS~2\2019\COMMUN~1\VC\Tools\MSVC\1422~1.279\bin\HostX64\x64\cl.exe  /nologo   /DWIN32 /D_WINDOWS /W3  /MDd /ZI /Ob0 /Od /RTC1 /JMC /showIncludes /FoCMakeFiles\cmTC_0b36b.dir\CheckIncludeFile.c.obj /FdCMakeFiles\cmTC_0b36b.dir\ /FS -c CheckIncludeFile.c
D:\evo\evo\out\build\x64-Debug\CMakeFiles\CMakeTmp\CheckIncludeFile.c(1): fatal error C1083: Datei (Include) kann nicht ge√∂ffnet werden: "pthread.h": No such file or directory
ninja: build stopped: subcommand failed.


Checking whether the ASM_MASM compiler is GNU using "--version" did not match "(GNU assembler)|(GCC)|(Free Software Foundation)":
Microsoft (R) Macro Assembler (x64) Version 14.22.27905.0
Copyright (C) Microsoft Corporation.  All rights reserved.

MASM : warning A4018:invalid command-line option : --version
MASM : fatal error A1017:missing source filename
Checking whether the ASM_MASM compiler is Clang using "--version" did not match "(clang version)":
Microsoft (R) Macro Assembler (x64) Version 14.22.27905.0
Copyright (C) Microsoft Corporation.  All rights reserved.

MASM : warning A4018:invalid command-line option : --version
MASM : fatal error A1017:missing source filename
Checking whether the ASM_MASM compiler is AppleClang using "--version" did not match "(Apple LLVM version)":
Microsoft (R) Macro Assembler (x64) Version 14.22.27905.0
Copyright (C) Microsoft Corporation.  All rights reserved.

MASM : warning A4018:invalid command-line option : --version
MASM : fatal error A1017:missing source filename
Checking whether the ASM_MASM compiler is HP using "-V" did not match "HP C":
Microsoft (R) Macro Assembler (x64) Version 14.22.27905.0
Copyright (C) Microsoft Corporation.  All rights reserved.

MASM : warning A4018:invalid command-line option : -V
MASM : fatal error A1017:missing source filename
Checking whether the ASM_MASM compiler is Intel using "--version" did not match "(ICC)":
Microsoft (R) Macro Assembler (x64) Version 14.22.27905.0
Copyright (C) Microsoft Corporation.  All rights reserved.

MASM : warning A4018:invalid command-line option : --version
MASM : fatal error A1017:missing source filename
Checking whether the ASM_MASM compiler is SunPro using "-V" did not match "Sun C":
Microsoft (R) Macro Assembler (x64) Version 14.22.27905.0
Copyright (C) Microsoft Corporation.  All rights reserved.

MASM : warning A4018:invalid command-line option : -V
MASM : fatal error A1017:missing source filename
Checking whether the ASM_MASM compiler is XL using "-qversion" did not match "XL C":
Microsoft (R) Macro Assembler (x64) Version 14.22.27905.0
Copyright (C) Microsoft Corporation.  All rights reserved.

MASM : warning A4018:invalid command-line option : -qversion
MASM : fatal error A1017:missing source filename
Checking whether the ASM compiler is GNU using "--version" did not match "(GNU assembler)|(GCC)|(Free Software Foundation)":
Microsoft (R) C/C++-Optimierungscompiler Version 19.22.27905 fÅr x64
Copyright (C) Microsoft Corporation. Alle Rechte vorbehalten.

cl : Befehlszeile warning D9002 : Unbekannte Option "--version" wird ignoriert.
cl : Befehlszeile error D8003 : Name der Quelldatei fehlt.
Checking whether the ASM compiler is Clang using "--version" did not match "(clang version)":
Microsoft (R) C/C++-Optimierungscompiler Version 19.22.27905 fÅr x64
Copyright (C) Microsoft Corporation. Alle Rechte vorbehalten.

cl : Befehlszeile warning D9002 : Unbekannte Option "--version" wird ignoriert.
cl : Befehlszeile error D8003 : Name der Quelldatei fehlt.
Checking whether the ASM compiler is AppleClang using "--version" did not match "(Apple LLVM version)":
Microsoft (R) C/C++-Optimierungscompiler Version 19.22.27905 fÅr x64
Copyright (C) Microsoft Corporation. Alle Rechte vorbehalten.

cl : Befehlszeile warning D9002 : Unbekannte Option "--version" wird ignoriert.
cl : Befehlszeile error D8003 : Name der Quelldatei fehlt.
Checking whether the ASM compiler is HP using "-V" did not match "HP C":
Microsoft (R) C/C++-Optimierungscompiler Version 19.22.27905 fÅr x64
Copyright (C) Microsoft Corporation. Alle Rechte vorbehalten.

cl : Befehlszeile error D8004 : "/V" erfordert ein Argument.
Checking whether the ASM compiler is Intel using "--version" did not match "(ICC)":
Microsoft (R) C/C++-Optimierungscompiler Version 19.22.27905 fÅr x64
Copyright (C) Microsoft Corporation. Alle Rechte vorbehalten.

cl : Befehlszeile warning D9002 : Unbekannte Option "--version" wird ignoriert.
cl : Befehlszeile error D8003 : Name der Quelldatei fehlt.
Checking whether the ASM compiler is SunPro using "-V" did not match "Sun C":
Microsoft (R) C/C++-Optimierungscompiler Version 19.22.27905 fÅr x64
Copyright (C) Microsoft Corporation. Alle Rechte vorbehalten.

cl : Befehlszeile error D8004 : "/V" erfordert ein Argument.
Checking whether the ASM compiler is XL using "-qversion" did not match "XL C":
Microsoft (R) C/C++-Optimierungscompiler Version 19.22.27905 fÅr x64
Copyright (C) Microsoft Corporation. Alle Rechte vorbehalten.

cl : Befehlszeile warning D9002 : Unbekannte Option "-qversion" wird ignoriert.
cl : Befehlszeile error D8003 : Name der Quelldatei fehlt.
Performing C++ SOURCE FILE Test HAVE_SYNC_FILE_RANGE_WRITE failed with the following output:
Change Dir: D:/evo/evo/out/build/x64-Debug/CMakeFiles/CMakeTmp

Run Build Command(s):C:/Program Files (x86)/Microsoft Visual Studio/2019/Community/Common7/IDE/CommonExtensions/Microsoft/CMake/Ninja/ninja.exe cmTC_904bc 
[1/2] Building CXX object CMakeFiles\cmTC_904bc.dir\src.cxx.obj
FAILED: CMakeFiles/cmTC_904bc.dir/src.cxx.obj 
C:\PROGRA~2\MICROS~2\2019\COMMUN~1\VC\Tools\MSVC\1422~1.279\bin\HostX64\x64\cl.exe  /nologo /TP   /DWIN32 /D_WINDOWS /W3 /GR /EHsc /Zi /nologo /EHsc /GS /Gd /GR /GF /fp:precise /Zc:wchar_t /Zc:forScope /errorReport:queue /FC /d2Zi+ /W4 /wd4127 /wd4800 /wd4996 /wd4351 /wd4100 /wd4204 /wd4324 -DHAVE_SYNC_FILE_RANGE_WRITE /MDd /ZI /Ob0 /Od /RTC1 /JMC /showIncludes /FoCMakeFiles\cmTC_904bc.dir\src.cxx.obj /FdCMakeFiles\cmTC_904bc.dir\ /FS -c src.cxx
cl : Befehlszeile warning D9025 : "/W3" wird durch "/W4" √ºberschrieben
cl : Befehlszeile warning D9025 : "/Zi" wird durch "/ZI" √ºberschrieben
D:\evo\evo\out\build\x64-Debug\CMakeFiles\CMakeTmp\src.cxx(4): error C3861: "open": Bezeichner wurde nicht gefunden.
D:\evo\evo\out\build\x64-Debug\CMakeFiles\CMakeTmp\src.cxx(5): error C2065: "SYNC_FILE_RANGE_WRITE": nichtdeklarierter Bezeichner
D:\evo\evo\out\build\x64-Debug\CMakeFiles\CMakeTmp\src.cxx(5): error C3861: "sync_file_range": Bezeichner wurde nicht gefunden.
ninja: build stopped: subcommand failed.

Source file was:

  #include <fcntl.h>
  int main() {
    int fd = open("/dev/null", 0);
    sync_file_range(fd, 0, 1024, SYNC_FILE_RANGE_WRITE);
  }
  
Performing C++ SOURCE FILE Test HAVE_PTHREAD_MUTEX_ADAPTIVE_NP failed with the following output:
Change Dir: D:/evo/evo/out/build/x64-Debug/CMakeFiles/CMakeTmp

Run Build Command(s):C:/Program Files (x86)/Microsoft Visual Studio/2019/Community/Common7/IDE/CommonExtensions/Microsoft/CMake/Ninja/ninja.exe cmTC_57647 
[1/2] Building CXX object CMakeFiles\cmTC_57647.dir\src.cxx.obj
FAILED: CMakeFiles/cmTC_57647.dir/src.cxx.obj 
C:\PROGRA~2\MICROS~2\2019\COMMUN~1\VC\Tools\MSVC\1422~1.279\bin\HostX64\x64\cl.exe  /nologo /TP   /DWIN32 /D_WINDOWS /W3 /GR /EHsc /Zi /nologo /EHsc /GS /Gd /GR /GF /fp:precise /Zc:wchar_t /Zc:forScope /errorReport:queue /FC /d2Zi+ /W4 /wd4127 /wd4800 /wd4996 /wd4351 /wd4100 /wd4204 /wd4324 -DHAVE_PTHREAD_MUTEX_ADAPTIVE_NP /MDd /ZI /Ob0 /Od /RTC1 /JMC /showIncludes /FoCMakeFiles\cmTC_57647.dir\src.cxx.obj /FdCMakeFiles\cmTC_57647.dir\ /FS -c src.cxx
cl : Befehlszeile warning D9025 : "/W3" wird durch "/W4" √ºberschrieben
cl : Befehlszeile warning D9025 : "/Zi" wird durch "/ZI" √ºberschrieben
D:\evo\evo\out\build\x64-Debug\CMakeFiles\CMakeTmp\src.cxx(2): fatal error C1083: Datei (Include) kann nicht ge√∂ffnet werden: "pthread.h": No such file or directory
ninja: build stopped: subcommand failed.

Source file was:

  #include <pthread.h>
  int main() {
    (void) PTHREAD_MUTEX_ADAPTIVE_NP;
  }
  
Determining if the malloc_usable_size exist failed with the following output:
Change Dir: D:/evo/evo/out/build/x64-Debug/CMakeFiles/CMakeTmp

Run Build Command(s):C:/Program Files (x86)/Microsoft Visual Studio/2019/Community/Common7/IDE/CommonExtensions/Microsoft/CMake/Ninja/ninja.exe cmTC_6efe3 
[1/2] Building CXX object CMakeFiles\cmTC_6efe3.dir\CheckSymbolExists.cxx.obj
FAILED: CMakeFiles/cmTC_6efe3.dir/CheckSymbolExists.cxx.obj 
C:\PROGRA~2\MICROS~2\2019\COMMUN~1\VC\Tools\MSVC\1422~1.279\bin\HostX64\x64\cl.exe  /nologo /TP   /DWIN32 /D_WINDOWS /W3 /GR /EHsc /Zi /nologo /EHsc /GS /Gd /GR /GF /fp:precise /Zc:wchar_t /Zc:forScope /errorReport:queue /FC /d2Zi+ /W4 /wd4127 /wd4800 /wd4996 /wd4351 /wd4100 /wd4204 /wd4324  /MTd /ZI /Ob0 /Od /RTC1 /JMC -DROCKSDB_USE_RTTI /Od /RTC1 /Gm /MT   -std:c++17 /showIncludes /FoCMakeFiles\cmTC_6efe3.dir\CheckSymbolExists.cxx.obj /FdCMakeFiles\cmTC_6efe3.dir\ /FS -c CheckSymbolExists.cxx
cl : Befehlszeile warning D9025 : "/W3" wird durch "/W4" √ºberschrieben
cl : Befehlszeile warning D9025 : "/Zi" wird durch "/ZI" √ºberschrieben
cl : Befehlszeile warning D9035 : Die Option "Gm" ist veraltet und wird in einer der n√§chsten Versionen entfernt.
cl : Befehlszeile warning D9025 : "/MTd" wird durch "/MT" √ºberschrieben
D:\evo\evo\out\build\x64-Debug\CMakeFiles\CMakeTmp\CheckSymbolExists.cxx(8): error C2065: "malloc_usable_size": nichtdeklarierter Bezeichner
ninja: build stopped: subcommand failed.

File D:/evo/evo/out/build/x64-Debug/CMakeFiles/CMakeTmp/CheckSymbolExists.cxx:
/* */
#include <malloc.h>

int main(int argc, char** argv)
{
  (void)argv;
#ifndef malloc_usable_size
  return ((int*)(&malloc_usable_size))[argc];
#else
  (void)argc;
  return 0;
#endif
}

Determining if the sched_getcpu exist failed with the following output:
Change Dir: D:/evo/evo/out/build/x64-Debug/CMakeFiles/CMakeTmp

Run Build Command(s):C:/Program Files (x86)/Microsoft Visual Studio/2019/Community/Common7/IDE/CommonExtensions/Microsoft/CMake/Ninja/ninja.exe cmTC_4f98f 
[1/2] Building CXX object CMakeFiles\cmTC_4f98f.dir\CheckSymbolExists.cxx.obj
FAILED: CMakeFiles/cmTC_4f98f.dir/CheckSymbolExists.cxx.obj 
C:\PROGRA~2\MICROS~2\2019\COMMUN~1\VC\Tools\MSVC\1422~1.279\bin\HostX64\x64\cl.exe  /nologo /TP   /DWIN32 /D_WINDOWS /W3 /GR /EHsc /Zi /nologo /EHsc /GS /Gd /GR /GF /fp:precise /Zc:wchar_t /Zc:forScope /errorReport:queue /FC /d2Zi+ /W4 /wd4127 /wd4800 /wd4996 /wd4351 /wd4100 /wd4204 /wd4324  /MTd /ZI /Ob0 /Od /RTC1 /JMC -DROCKSDB_USE_RTTI /Od /RTC1 /Gm /MT   -std:c++17 /showIncludes /FoCMakeFiles\cmTC_4f98f.dir\CheckSymbolExists.cxx.obj /FdCMakeFiles\cmTC_4f98f.dir\ /FS -c CheckSymbolExists.cxx
cl : Befehlszeile warning D9025 : "/W3" wird durch "/W4" √ºberschrieben
cl : Befehlszeile warning D9025 : "/Zi" wird durch "/ZI" √ºberschrieben
cl : Befehlszeile warning D9035 : Die Option "Gm" ist veraltet und wird in einer der n√§chsten Versionen entfernt.
cl : Befehlszeile warning D9025 : "/MTd" wird durch "/MT" √ºberschrieben
D:\evo\evo\out\build\x64-Debug\CMakeFiles\CMakeTmp\CheckSymbolExists.cxx(2): fatal error C1083: Datei (Include) kann nicht ge√∂ffnet werden: "sched.h": No such file or directory
ninja: build stopped: subcommand failed.

File D:/evo/evo/out/build/x64-Debug/CMakeFiles/CMakeTmp/CheckSymbolExists.cxx:
/* */
#include <sched.h>

int main(int argc, char** argv)
{
  (void)argv;
#ifndef sched_getcpu
  return ((int*)(&sched_getcpu))[argc];
#else
  (void)argc;
  return 0;
#endif
}

