Determining if the pthread_create exist failed with the following output:
Change Dir: /home/daniel/new/linux/rocksdb/CMakeFiles/CMakeTmp

Run Build Command:"/usr/bin/make" "cmTC_e7a35/fast"
/usr/bin/make -f CMakeFiles/cmTC_e7a35.dir/build.make CMakeFiles/cmTC_e7a35.dir/build
make[1]: Entering directory '/home/daniel/new/linux/rocksdb/CMakeFiles/CMakeTmp'
Building C object CMakeFiles/cmTC_e7a35.dir/CheckSymbolExists.c.o
/usr/bin/gcc-8    -o CMakeFiles/cmTC_e7a35.dir/CheckSymbolExists.c.o   -c /home/daniel/new/linux/rocksdb/CMakeFiles/CMakeTmp/CheckSymbolExists.c
Linking C executable cmTC_e7a35
/usr/local/lib/python2.7/dist-packages/cmake/data/bin/cmake -E cmake_link_script CMakeFiles/cmTC_e7a35.dir/link.txt --verbose=1
/usr/bin/gcc-8      -rdynamic CMakeFiles/cmTC_e7a35.dir/CheckSymbolExists.c.o  -o cmTC_e7a35 
CMakeFiles/cmTC_e7a35.dir/CheckSymbolExists.c.o: In function `main':
CheckSymbolExists.c:(.text+0x16): undefined reference to `pthread_create'
collect2: error: ld returned 1 exit status
CMakeFiles/cmTC_e7a35.dir/build.make:86: recipe for target 'cmTC_e7a35' failed
make[1]: *** [cmTC_e7a35] Error 1
make[1]: Leaving directory '/home/daniel/new/linux/rocksdb/CMakeFiles/CMakeTmp'
Makefile:121: recipe for target 'cmTC_e7a35/fast' failed
make: *** [cmTC_e7a35/fast] Error 2

File /home/daniel/new/linux/rocksdb/CMakeFiles/CMakeTmp/CheckSymbolExists.c:
/* */
#include <pthread.h>

int main(int argc, char** argv)
{
  (void)argv;
#ifndef pthread_create
  return ((int*)(&pthread_create))[argc];
#else
  (void)argc;
  return 0;
#endif
}

Determining if the function pthread_create exists in the pthreads failed with the following output:
Change Dir: /home/daniel/new/linux/rocksdb/CMakeFiles/CMakeTmp

Run Build Command:"/usr/bin/make" "cmTC_e0879/fast"
/usr/bin/make -f CMakeFiles/cmTC_e0879.dir/build.make CMakeFiles/cmTC_e0879.dir/build
make[1]: Entering directory '/home/daniel/new/linux/rocksdb/CMakeFiles/CMakeTmp'
Building C object CMakeFiles/cmTC_e0879.dir/CheckFunctionExists.c.o
/usr/bin/gcc-8   -DCHECK_FUNCTION_EXISTS=pthread_create   -o CMakeFiles/cmTC_e0879.dir/CheckFunctionExists.c.o   -c /usr/local/lib/python2.7/dist-packages/cmake/data/share/cmake-3.12/Modules/CheckFunctionExists.c
Linking C executable cmTC_e0879
/usr/local/lib/python2.7/dist-packages/cmake/data/bin/cmake -E cmake_link_script CMakeFiles/cmTC_e0879.dir/link.txt --verbose=1
/usr/bin/gcc-8  -DCHECK_FUNCTION_EXISTS=pthread_create    -rdynamic CMakeFiles/cmTC_e0879.dir/CheckFunctionExists.c.o  -o cmTC_e0879 -lpthreads 
/usr/bin/ld: cannot find -lpthreads
collect2: error: ld returned 1 exit status
CMakeFiles/cmTC_e0879.dir/build.make:86: recipe for target 'cmTC_e0879' failed
make[1]: *** [cmTC_e0879] Error 1
make[1]: Leaving directory '/home/daniel/new/linux/rocksdb/CMakeFiles/CMakeTmp'
Makefile:121: recipe for target 'cmTC_e0879/fast' failed
make: *** [cmTC_e0879/fast] Error 2


